*** Starting uWSGI 2.0.18 (64bit) on [Sun Mar 15 16:55:59 2020] ***
compiled with version: 7.5.0 on 15 March 2020 15:43:04
os: Linux-4.15.0-1057-aws #59-Ubuntu SMP Wed Dec 4 10:02:00 UTC 2019
nodename: ip-172-31-47-134
machine: x86_64
clock source: unix
detected number of CPU cores: 1
current working directory: /home/ubuntu/www/likelion/apply
writing pidfile to /tmp/project-master.pid
detected binary path: /home/ubuntu/www/likelion/myvenv/bin/uwsgi
!!! no internal routing support, rebuild with pcre support !!!
chdir() to /home/ubuntu/www/likelion/apply
your processes number limit is 3840
your memory page size is 4096 bytes
detected max file descriptor number: 1024
lock engine: pthread robust mutexes
thunder lock: disabled (you can enable it with --thunder-lock)
uwsgi socket 0 bound to UNIX address /home/ubuntu/www/likelion/uwsgi.sock fd 3
Python version: 3.6.9 (default, Nov  7 2019, 10:44:02)  [GCC 8.3.0]
Set PythonHome to /home/ubuntu/www/likelion/myvenv
*** Python threads support is disabled. You can enable it with --enable-threads ***
Python main interpreter initialized at 0x560a480176b0
your server socket listen backlog is limited to 100 connections
your mercy for graceful operations on workers is 60 seconds
mapped 145808 bytes (142 KB) for 1 cores
*** Operational MODE: single process ***
WSGI app 0 (mountpoint='') ready in 1 seconds on interpreter 0x560a480176b0 pid: 9121 (default app)
*** uWSGI is running in multiple interpreter mode ***
spawned uWSGI master process (pid: 9121)
spawned uWSGI worker 1 (pid: 9123, cores: 1)
