Watching for file changes with StatReloader
[16/Mar/2020 02:54:58] "GET / HTTP/1.1" 200 111
[16/Mar/2020 02:55:00] "GET /main/ HTTP/1.1" 200 1788
[16/Mar/2020 02:55:00] "GET /static/css/base.css HTTP/1.1" 304 0
[16/Mar/2020 02:55:00] "GET /static/main_img.png HTTP/1.1" 304 0
[16/Mar/2020 02:56:00] "GET /static/pro.mp4 HTTP/1.1" 200 79934595
[16/Mar/2020 02:56:20] "GET /main/ HTTP/1.1" 200 1788
[16/Mar/2020 02:56:20] "GET /static/pro.mp4 HTTP/1.1" 200 7401472
[16/Mar/2020 02:56:21] "GET /main/ HTTP/1.1" 200 1788
[16/Mar/2020 02:56:21] "GET /static/pro.mp4 HTTP/1.1" 200 2101248
[16/Mar/2020 02:56:23] "GET /main/ HTTP/1.1" 200 1788
[16/Mar/2020 02:56:23] "GET /static/pro.mp4 HTTP/1.1" 200 4288512
[16/Mar/2020 02:56:24] "GET /accounts/login/ HTTP/1.1" 200 4920
[16/Mar/2020 02:56:24] "GET /static/pro.mp4 HTTP/1.1" 200 1654784
[16/Mar/2020 02:56:24] "GET /static/123.jpg HTTP/1.1" 200 766914
[16/Mar/2020 03:19:36] "GET / HTTP/1.1" 200 111
[16/Mar/2020 03:19:59] "GET / HTTP/1.1" 200 111
[16/Mar/2020 03:22:51] "GET / HTTP/1.1" 200 111
[16/Mar/2020 03:22:59] "GET / HTTP/1.1" 200 111
[16/Mar/2020 03:23:14] "GET / HTTP/1.1" 200 111
[16/Mar/2020 03:23:16] "GET /main/ HTTP/1.1" 200 1788
[16/Mar/2020 03:23:16] "GET /static/css/base.css HTTP/1.1" 304 0
[16/Mar/2020 03:23:16] "GET /static/main_img.png HTTP/1.1" 304 0
[16/Mar/2020 03:23:30] "GET / HTTP/1.1" 200 111
[16/Mar/2020 03:23:31] "GET /main/ HTTP/1.1" 200 1788
[16/Mar/2020 03:23:33] "GET /accounts/login/ HTTP/1.1" 200 4920
[16/Mar/2020 03:23:33] "GET /static/pro.mp4 HTTP/1.1" 200 3706880
[16/Mar/2020 03:23:33] "GET /static/123.jpg HTTP/1.1" 304 0
[16/Mar/2020 03:24:06] "GET /admin HTTP/1.1" 301 0
[16/Mar/2020 03:24:06] "GET /admin/ HTTP/1.1" 302 0
[16/Mar/2020 03:24:06] "GET /admin/login/?next=/admin/ HTTP/1.1" 200 1933
[16/Mar/2020 03:24:06] "GET /static/pro.mp4 HTTP/1.1" 200 65634304
[16/Mar/2020 03:24:06] "GET /static/admin/css/base.css HTTP/1.1" 200 16378
[16/Mar/2020 03:24:06] "GET /static/admin/css/login.css HTTP/1.1" 200 1233
[16/Mar/2020 03:24:06] "GET /static/admin/css/responsive.css HTTP/1.1" 200 18052
[16/Mar/2020 03:24:06] "GET /static/admin/css/fonts.css HTTP/1.1" 200 423
Not Found: /favicon.ico
[16/Mar/2020 03:24:06] "GET /favicon.ico HTTP/1.1" 404 3588
[16/Mar/2020 03:24:06] "GET /static/admin/fonts/Roboto-Regular-webfont.woff HTTP/1.1" 200 85876
[16/Mar/2020 03:24:06] "GET /static/admin/fonts/Roboto-Light-webfont.woff HTTP/1.1" 200 85692
[16/Mar/2020 03:24:12] "POST /admin/login/?next=/admin/ HTTP/1.1" 302 0
Forbidden (CSRF token missing or incorrect.): /admin/login/
[16/Mar/2020 03:24:18] "POST /admin/login/?next=/admin/ HTTP/1.1" 403 2538
[16/Mar/2020 03:24:23] "GET /admin/ HTTP/1.1" 200 6432
[16/Mar/2020 03:24:23] "GET /static/admin/css/dashboard.css HTTP/1.1" 200 412
[16/Mar/2020 03:24:23] "GET /static/admin/img/icon-addlink.svg HTTP/1.1" 200 331
[16/Mar/2020 03:24:23] "GET /static/admin/img/icon-changelink.svg HTTP/1.1" 200 380
[16/Mar/2020 03:24:23] "GET /static/admin/img/icon-deletelink.svg HTTP/1.1" 200 392
[16/Mar/2020 03:24:23] "GET /static/admin/fonts/Roboto-Bold-webfont.woff HTTP/1.1" 200 86184
[16/Mar/2020 03:24:25] "GET /admin/auth/user/ HTTP/1.1" 200 6806
[16/Mar/2020 03:24:25] "GET /static/admin/js/jquery.init.js HTTP/1.1" 200 363
[16/Mar/2020 03:24:25] "GET /static/admin/js/core.js HTTP/1.1" 200 5723
[16/Mar/2020 03:24:25] "GET /static/admin/css/changelists.css HTTP/1.1" 200 6190
[16/Mar/2020 03:24:25] "GET /admin/jsi18n/ HTTP/1.1" 200 8330
[16/Mar/2020 03:24:25] "GET /static/admin/js/admin/RelatedObjectLookups.js HTTP/1.1" 200 6918
[16/Mar/2020 03:24:25] "GET /static/admin/js/actions.js HTTP/1.1" 200 6766
[16/Mar/2020 03:24:25] "GET /static/admin/js/urlify.js HTTP/1.1" 200 8941
[16/Mar/2020 03:24:25] "GET /static/admin/js/vendor/xregexp/xregexp.js HTTP/1.1" 200 128820
[16/Mar/2020 03:24:25] "GET /static/admin/js/prepopulate.js HTTP/1.1" 200 1530
[16/Mar/2020 03:24:25] "GET /static/admin/js/vendor/jquery/jquery.js HTTP/1.1" 200 280364
[16/Mar/2020 03:24:25] "GET /static/admin/img/icon-yes.svg HTTP/1.1" 200 436
[16/Mar/2020 03:24:25] "GET /static/admin/img/search.svg HTTP/1.1" 200 458
[16/Mar/2020 03:24:25] "GET /static/admin/img/sorting-icons.svg HTTP/1.1" 200 1097
[16/Mar/2020 03:24:25] "GET /static/admin/img/tooltag-add.svg HTTP/1.1" 200 331
[16/Mar/2020 03:24:27] "GET /admin/auth/user/1/change/ HTTP/1.1" 200 14844
[16/Mar/2020 03:24:27] "GET /static/admin/js/admin/DateTimeShortcuts.js HTTP/1.1" 200 20232
[16/Mar/2020 03:24:27] "GET /static/admin/js/calendar.js HTTP/1.1" 200 7777
[16/Mar/2020 03:24:27] "GET /static/admin/js/SelectBox.js HTTP/1.1" 200 5753
[16/Mar/2020 03:24:27] "GET /static/admin/css/forms.css HTTP/1.1" 200 8518
[16/Mar/2020 03:24:27] "GET /static/admin/js/SelectFilter2.js HTTP/1.1" 200 12318
[16/Mar/2020 03:24:27] "GET /admin/jsi18n/ HTTP/1.1" 200 8330
[16/Mar/2020 03:24:27] "GET /static/admin/js/change_form.js HTTP/1.1" 200 712
[16/Mar/2020 03:24:27] "GET /static/admin/js/prepopulate_init.js HTTP/1.1" 200 495
[16/Mar/2020 03:24:27] "GET /static/admin/css/widgets.css HTTP/1.1" 200 10322
[16/Mar/2020 03:24:27] "GET /static/admin/img/icon-unknown.svg HTTP/1.1" 200 655
[16/Mar/2020 03:24:27] "GET /static/admin/img/icon-unknown-alt.svg HTTP/1.1" 200 655
[16/Mar/2020 03:24:27] "GET /static/admin/img/icon-calendar.svg HTTP/1.1" 200 1086
[16/Mar/2020 03:24:27] "GET /static/admin/img/icon-clock.svg HTTP/1.1" 200 677
[16/Mar/2020 03:24:27] "GET /static/admin/img/selector-icons.svg HTTP/1.1" 200 3291
[16/Mar/2020 03:24:29] "GET /admin/auth/user/ HTTP/1.1" 200 6806
[16/Mar/2020 03:24:31] "GET /admin/ HTTP/1.1" 200 6432
[16/Mar/2020 03:24:32] "GET /admin/sheet/signup/ HTTP/1.1" 200 3197
[16/Mar/2020 03:24:33] "GET /admin/jsi18n/ HTTP/1.1" 200 8330
[16/Mar/2020 03:24:34] "GET /admin/sheet/signup/add/ HTTP/1.1" 200 6652
[16/Mar/2020 03:24:34] "GET /admin/jsi18n/ HTTP/1.1" 200 8330
[16/Mar/2020 03:24:44] "POST /admin/sheet/signup/add/ HTTP/1.1" 302 0
[16/Mar/2020 03:24:44] "GET /admin/sheet/signup/ HTTP/1.1" 200 4625
[16/Mar/2020 03:24:44] "GET /admin/jsi18n/ HTTP/1.1" 200 8330
[16/Mar/2020 03:24:48] "GET / HTTP/1.1" 200 111
[16/Mar/2020 03:24:49] "GET /main/ HTTP/1.1" 200 2020
[16/Mar/2020 03:24:53] "GET /apply/ HTTP/1.1" 200 5783
[16/Mar/2020 03:24:53] "GET /static/pro.mp4 HTTP/1.1" 200 12189696
[16/Mar/2020 03:24:53] "GET /static/login.jpg HTTP/1.1" 200 157428
[16/Mar/2020 03:24:55] "GET /profile/ HTTP/1.1" 200 7844
[16/Mar/2020 03:25:05] "POST /profile/ HTTP/1.1" 302 0
[16/Mar/2020 03:25:05] "GET /main/ HTTP/1.1" 200 2020
[16/Mar/2020 03:25:08] "GET /view/ HTTP/1.1" 200 6057
[16/Mar/2020 03:25:08] "GET /static/pro.mp4 HTTP/1.1" 200 8560640
[16/Mar/2020 03:25:10] "GET /apply/ HTTP/1.1" 200 5783
[16/Mar/2020 03:25:11] "GET /profile/ HTTP/1.1" 200 7865
[16/Mar/2020 03:25:12] "GET /recruit/ HTTP/1.1" 200 908
[16/Mar/2020 03:25:14] "GET /profile/ HTTP/1.1" 200 7865
[16/Mar/2020 03:25:16] "GET /logout/ HTTP/1.1" 302 0
[16/Mar/2020 03:25:16] "GET /main/ HTTP/1.1" 200 1788
[16/Mar/2020 03:25:18] "GET /accounts/login/ HTTP/1.1" 200 4920
[16/Mar/2020 03:25:18] "GET /static/pro.mp4 HTTP/1.1" 200 5574656
[16/Mar/2020 03:25:44] "GET / HTTP/1.1" 200 111
[16/Mar/2020 03:25:46] "GET / HTTP/1.1" 200 111
[16/Mar/2020 03:25:48] "GET /main/ HTTP/1.1" 200 1788
[16/Mar/2020 03:25:48] "GET /static/css/base.css HTTP/1.1" 200 2166
[16/Mar/2020 03:25:49] "GET /static/main_img.png HTTP/1.1" 200 24850
[16/Mar/2020 03:25:49] "GET /static/like.jpg HTTP/1.1" 404 1655
[16/Mar/2020 03:25:51] "GET /accounts/login/ HTTP/1.1" 200 4920
[16/Mar/2020 03:25:51] "GET /static/pro.mp4 HTTP/1.1" 200 15212544
[16/Mar/2020 03:25:51] "GET /static/123.jpg HTTP/1.1" 200 766914
[16/Mar/2020 03:25:55] "GET /signup/ HTTP/1.1" 200 7473
[16/Mar/2020 03:26:07] "GET / HTTP/1.1" 200 111
[16/Mar/2020 03:26:08] "GET /main/ HTTP/1.1" 200 1788
[16/Mar/2020 03:26:13] "GET /main/ HTTP/1.1" 200 1788
[16/Mar/2020 03:26:13] "GET /static/pro.mp4 HTTP/1.1" 200 13471744
[16/Mar/2020 03:26:14] "GET /accounts/login/ HTTP/1.1" 200 4920
[16/Mar/2020 03:26:14] "GET /static/pro.mp4 HTTP/1.1" 200 5025792
[16/Mar/2020 03:26:19] "POST /accounts/login/ HTTP/1.1" 302 0
[16/Mar/2020 03:26:19] "GET /apply/ HTTP/1.1" 200 5783
[16/Mar/2020 03:26:20] "POST /signup/ HTTP/1.1" 302 0
[16/Mar/2020 03:26:20] "GET / HTTP/1.1" 200 111
[16/Mar/2020 03:26:23] "GET /main/ HTTP/1.1" 200 1926
[16/Mar/2020 03:26:30] "GET /apply/ HTTP/1.1" 200 5689
[16/Mar/2020 03:26:30] "GET /static/pro.mp4 HTTP/1.1" 200 22175744
[16/Mar/2020 03:26:30] "GET /static/login.jpg HTTP/1.1" 200 157428
[16/Mar/2020 03:26:38] "GET /admin/ HTTP/1.1" 200 6718
[16/Mar/2020 03:26:38] "GET /main/ HTTP/1.1" 200 1926
[16/Mar/2020 03:26:40] "GET /admin/auth/user/ HTTP/1.1" 200 7257
[16/Mar/2020 03:26:40] "GET /admin/jsi18n/ HTTP/1.1" 200 8330
[16/Mar/2020 03:26:40] "GET /static/admin/img/icon-no.svg HTTP/1.1" 200 560
[16/Mar/2020 03:26:46] "GET /admin/auth/user/10/change/ HTTP/1.1" 200 14856
[16/Mar/2020 03:26:46] "GET /admin/jsi18n/ HTTP/1.1" 200 8330
[16/Mar/2020 03:26:49] "POST /admin/auth/user/10/change/ HTTP/1.1" 302 0
[16/Mar/2020 03:26:49] "GET /admin/auth/user/ HTTP/1.1" 200 7454
[16/Mar/2020 03:26:50] "GET /admin/jsi18n/ HTTP/1.1" 200 8330
[16/Mar/2020 03:26:54] "GET / HTTP/1.1" 200 111
[16/Mar/2020 03:26:56] "GET /main/ HTTP/1.1" 200 2020
[16/Mar/2020 03:26:58] "GET /apply/ HTTP/1.1" 200 5783
[16/Mar/2020 03:26:58] "GET /static/pro.mp4 HTTP/1.1" 200 7176192
[16/Mar/2020 03:26:58] "GET /profile/ HTTP/1.1" 200 7861
[16/Mar/2020 03:26:58] "GET /static/pro.mp4 HTTP/1.1" 200 28024832
[16/Mar/2020 03:27:01] "GET /view/ HTTP/1.1" 200 6057
[16/Mar/2020 03:27:16] "GET /view/ HTTP/1.1" 200 6057
[16/Mar/2020 03:27:18] "GET /main/ HTTP/1.1" 200 2020
[16/Mar/2020 03:27:20] "GET /recruit/ HTTP/1.1" 200 908
[16/Mar/2020 03:27:20] "GET /static/pro.mp4 HTTP/1.1" 200 12165120
[16/Mar/2020 03:27:22] "GET /apply/ HTTP/1.1" 200 5783
[16/Mar/2020 03:27:23] "GET /profile/ HTTP/1.1" 200 7861
[16/Mar/2020 03:27:26] "GET /main/ HTTP/1.1" 200 2020
[16/Mar/2020 03:27:38] "GET /static/pro.mp4 HTTP/1.1" 200 20905984
[16/Mar/2020 03:27:48] "GET /main/ HTTP/1.1" 200 1788
[16/Mar/2020 03:27:48] "GET /static/css/base.css HTTP/1.1" 200 2166
[16/Mar/2020 03:27:49] "GET /static/main_img.png HTTP/1.1" 200 24850
[16/Mar/2020 03:27:49] "GET /static/like.jpg HTTP/1.1" 404 1655
[16/Mar/2020 03:27:49] "GET /static/pro.mp4 HTTP/1.1" 200 897024
[16/Mar/2020 03:27:49] "GET /static/pro.mp4 HTTP/1.1" 200 241664
